2025-04-04 11:50:02.882007 - Received CBT.V508.FILE562.PDS from FILE562.XMI 
2025-04-04 11:50:02.883338 - Found $$$#DATE.txt (text/plain) in CBT.V508.FILE562.PDS, moved to PDS/$$$#DATE
2025-04-04 11:50:02.883486 - Found $$NOTE1.txt (text/plain) in CBT.V508.FILE562.PDS, moved to PDS/$$NOTE1
2025-04-04 11:50:02.883619 - Found $$NOTE2.eml (message/rfc822) in CBT.V508.FILE562.PDS, moved to PDS/$$NOTE2
2025-04-04 11:50:02.883814 - Found $$PDSLOD.jcl (text/plain) in CBT.V508.FILE562.PDS, moved to PDS/$$PDSLOD
2025-04-04 11:50:02.883974 - Found $$README.txt (text/plain) in CBT.V508.FILE562.PDS, moved to PDS/$$README
2025-04-04 11:50:02.884118 - Found $MSGS.txt (text/plain) in CBT.V508.FILE562.PDS, moved to PDS/$MSGS
2025-04-04 11:50:02.884265 - Found $PLIB.txt (text/plain) in CBT.V508.FILE562.PDS, moved to PDS/$PLIB
2025-04-04 11:50:02.884380 - Found @FILE562.txt (text/plain) in CBT.V508.FILE562.PDS, moved to PDS/@FILE562
2025-04-04 11:50:02.884515 - Found AATX000.rexx (text/plain) in CBT.V508.FILE562.PDS, moved to PDS/AATX000
2025-04-04 11:50:02.884648 - Found AATX010.rexx (text/plain) in CBT.V508.FILE562.PDS, moved to PDS/AATX010
2025-04-04 11:50:02.884789 - Found AATX020.rexx (text/plain) in CBT.V508.FILE562.PDS, moved to PDS/AATX020
2025-04-04 11:50:02.884925 - Found AATX030.rexx (text/plain) in CBT.V508.FILE562.PDS, moved to PDS/AATX030
2025-04-04 11:50:02.885064 - Found AATX034.rexx (text/plain) in CBT.V508.FILE562.PDS, moved to PDS/AATX034
2025-04-04 11:50:02.885209 - Found AATX060.rexx (text/plain) in CBT.V508.FILE562.PDS, moved to PDS/AATX060
2025-04-04 11:50:02.885341 - Found AATX064.rexx (text/plain) in CBT.V508.FILE562.PDS, moved to PDS/AATX064
2025-04-04 11:50:02.885485 - Found AATX070.rexx (text/plain) in CBT.V508.FILE562.PDS, moved to PDS/AATX070
2025-04-04 11:50:02.885615 - Found AATX074.rexx (text/plain) in CBT.V508.FILE562.PDS, moved to PDS/AATX074
2025-04-04 11:50:02.885745 - Found AATX080.rexx (text/plain) in CBT.V508.FILE562.PDS, moved to PDS/AATX080
2025-04-04 11:50:02.885896 - Found AATX090.txt (text/plain) in CBT.V508.FILE562.PDS, moved to PDS/AATX090
2025-04-04 11:50:02.886393 - Found ARGPASS.rexx (text/plain) in CBT.V508.FILE562.PDS, moved to PDS/ARGPASS
2025-04-04 11:50:02.886544 - Found DATE.rexx (text/plain) in CBT.V508.FILE562.PDS, moved to PDS/DATE
2025-04-04 11:50:02.886698 - Found MODEL.rexx (text/plain) in CBT.V508.FILE562.PDS, moved to PDS/MODEL
2025-04-04 11:50:02.886823 - Found MULTPULL.rexx (text/plain) in CBT.V508.FILE562.PDS, moved to PDS/MULTPULL
2025-04-04 11:50:02.886947 - Found PARSPULL.rexx (text/plain) in CBT.V508.FILE562.PDS, moved to PDS/PARSPULL
2025-04-04 11:50:02.887092 - Found REXXADDR.txt (text/plain) in CBT.V508.FILE562.PDS, moved to PDS/REXXADDR
2025-04-04 11:50:02.887224 - Found SAY.rexx (text/plain) in CBT.V508.FILE562.PDS, moved to PDS/SAY
2025-04-04 11:50:02.887356 - Found TEST.rexx (text/plain) in CBT.V508.FILE562.PDS, moved to PDS/TEST
2025-04-04 11:50:02.887469 - Found TEST1.rexx (text/plain) in CBT.V508.FILE562.PDS, moved to PDS/TEST1
2025-04-04 11:50:02.887582 - Found TIMEGAME.rexx (text/plain) in CBT.V508.FILE562.PDS, moved to PDS/TIMEGAME
